e:\wms_sets\khrestful\libadodatabase\debug\libadodatabase.pch
e:\wms_sets\khrestful\libadodatabase\debug\libadodatabase.pdb
e:\wms_sets\khrestful\libadodatabase\debug\libadodatabase.idb
e:\wms_sets\khrestful\libadodatabase\debug\stdafx.obj
e:\wms_sets\khrestful\libadodatabase\debug\wcsdatabase.obj
e:\wms_sets\khrestful\libadodatabase\debug\updateoperation.obj
e:\wms_sets\khrestful\libadodatabase\debug\queryoperation.obj
e:\wms_sets\khrestful\libadodatabase\debug\deleteoperation.obj
e:\wms_sets\khrestful\libadodatabase\debug\databasemanage.obj
e:\wms_sets\khrestful\libadodatabase\debug\adodatabased.obj
e:\wms_sets\khrestful\libadodatabase\debug\addoperation.obj
e:\wms_sets\khrestful\debug\libadodatabase.lib
e:\wms_sets\khrestful\debug\cpprest141_2_10d.dll
e:\wms_sets\khrestful\libadodatabase\debug\msado15.tli
e:\wms_sets\khrestful\libadodatabase\debug\msado15.tlh
e:\wms_sets\khrestful\debug\libadodatabase.pdb
e:\wms_sets\khrestful\libadodatabase\debug\libadodatabase.tlog\cl.command.1.tlog
e:\wms_sets\khrestful\libadodatabase\debug\libadodatabase.tlog\cl.read.1.tlog
e:\wms_sets\khrestful\libadodatabase\debug\libadodatabase.tlog\cl.write.1.tlog
e:\wms_sets\khrestful\libadodatabase\debug\libadodatabase.tlog\lib-link.read.1.tlog
e:\wms_sets\khrestful\libadodatabase\debug\libadodatabase.tlog\lib-link.write.1.tlog
e:\wms_sets\khrestful\libadodatabase\debug\libadodatabase.tlog\lib.command.1.tlog
e:\wms_sets\khrestful\libadodatabase\debug\libadodatabase.tlog\libadodatabase.write.1u.tlog
