e:\wms_sets\khrestful\khrestful\release\khrestful.pch
e:\wms_sets\khrestful\khrestful\release\vc141.pdb
e:\wms_sets\khrestful\khrestful\release\vc141.idb
e:\wms_sets\khrestful\khrestful\release\pch.obj
e:\wms_sets\khrestful\khrestful\release\khrestful.obj
e:\wms_sets\khrestful\khrestful\release\hander.obj
e:\wms_sets\khrestful\release\cpprest141_2_10.dll
e:\wms_sets\khrestful\release\khrestful.lib
e:\wms_sets\khrestful\release\khrestful.exp
e:\wms_sets\khrestful\release\khrestful.exe
e:\wms_sets\khrestful\release\khrestful.pdb
e:\wms_sets\khrestful\khrestful\release\msado15.tli
e:\wms_sets\khrestful\khrestful\release\msado15.tlh
e:\wms_sets\khrestful\khrestful\release\khrestful.tlog\cl.command.1.tlog
e:\wms_sets\khrestful\khrestful\release\khrestful.tlog\cl.read.1.tlog
e:\wms_sets\khrestful\khrestful\release\khrestful.tlog\cl.write.1.tlog
e:\wms_sets\khrestful\khrestful\release\khrestful.tlog\khrestful.write.1u.tlog
e:\wms_sets\khrestful\khrestful\release\khrestful.tlog\link.command.1.tlog
e:\wms_sets\khrestful\khrestful\release\khrestful.tlog\link.read.1.tlog
e:\wms_sets\khrestful\khrestful\release\khrestful.tlog\link.write.1.tlog
