e:\wms_sets\khrestful\libadodatabase\release\libadodatabase.pch
e:\wms_sets\khrestful\libadodatabase\release\libadodatabase.pdb
e:\wms_sets\khrestful\libadodatabase\release\libadodatabase.idb
e:\wms_sets\khrestful\libadodatabase\release\stdafx.obj
e:\wms_sets\khrestful\libadodatabase\release\wcsdatabase.obj
e:\wms_sets\khrestful\libadodatabase\release\updateoperation.obj
e:\wms_sets\khrestful\libadodatabase\release\queryoperation.obj
e:\wms_sets\khrestful\libadodatabase\release\deleteoperation.obj
e:\wms_sets\khrestful\libadodatabase\release\databasemanage.obj
e:\wms_sets\khrestful\libadodatabase\release\adodatabased.obj
e:\wms_sets\khrestful\libadodatabase\release\addoperation.obj
e:\wms_sets\khrestful\release\libadodatabase.lib
e:\wms_sets\khrestful\release\cpprest141_2_10.dll
e:\wms_sets\khrestful\libadodatabase\release\msado15.tli
e:\wms_sets\khrestful\libadodatabase\release\msado15.tlh
e:\wms_sets\khrestful\libadodatabase\release\libadodatabase.tlog\cl.command.1.tlog
e:\wms_sets\khrestful\libadodatabase\release\libadodatabase.tlog\cl.read.1.tlog
e:\wms_sets\khrestful\libadodatabase\release\libadodatabase.tlog\cl.write.1.tlog
e:\wms_sets\khrestful\libadodatabase\release\libadodatabase.tlog\lib-link.read.1.tlog
e:\wms_sets\khrestful\libadodatabase\release\libadodatabase.tlog\lib-link.write.1.tlog
e:\wms_sets\khrestful\libadodatabase\release\libadodatabase.tlog\lib.command.1.tlog
e:\wms_sets\khrestful\libadodatabase\release\libadodatabase.tlog\libadodatabase.write.1u.tlog
